<?xml version="1.0" encoding="UTF-8"?>
<!-- Generated by org.testng.reporters.JUnitReportReporter -->
<testsuite hostname="PAVANKUMAR" failures="0" tests="1" name="scripts.Test2" time="0.001" errors="0" timestamp="2022-09-12T22:02:28 IST" skipped="0">
  <testcase classname="scripts.Test2" name="tc2" time="0.001"/>
  <system-out>
    <![CDATA[Hello python]]>
  </system-out>
</testsuite> <!-- scripts.Test2 -->
