<?xml version="1.0" encoding="UTF-8"?>
<!-- Generated by org.testng.reporters.JUnitReportReporter -->
<testsuite hostname="PAVANKUMAR" failures="0" tests="1" name="scripts.Test3" time="0.015" errors="0" timestamp="2022-09-12T22:02:28 IST" skipped="0">
  <testcase classname="scripts.Test3" name="tc1" time="0.015"/>
  <system-out>
    <![CDATA[Hello seleniumpython]]>
  </system-out>
</testsuite> <!-- scripts.Test3 -->
